{"/Users/dhardy/Projects/npm/nestjs-lulu/lib/lulu-core.module.ts": {"path":"/Users/dhardy/Projects/npm/nestjs-lulu/lib/lulu-core.module.ts","statementMap":{"0":{"start":{"line":1,"column":0},"end":{"line":1,"column":79}},"1":{"start":{"line":2,"column":0},"end":{"line":2,"column":50}},"2":{"start":{"line":4,"column":0},"end":{"line":4,"column":77}},"3":{"start":{"line":9,"column":27},"end":{"line":71,"column":null}},"4":{"start":{"line":11,"column":25},"end":{"line":11,"column":53}},"5":{"start":{"line":13,"column":8},"end":{"line":17,"column":10}},"6":{"start":{"line":21,"column":35},"end":{"line":25,"column":10}},"7":{"start":{"line":24,"column":56},"end":{"line":24,"column":81}},"8":{"start":{"line":27,"column":8},"end":{"line":32,"column":10}},"9":{"start":{"line":38,"column":8},"end":{"line":40,"column":null}},"10":{"start":{"line":39,"column":10},"end":{"line":39,"column":60}},"11":{"start":{"line":41,"column":25},"end":{"line":41,"column":75}},"12":{"start":{"line":42,"column":8},"end":{"line":48,"column":10}},"13":{"start":{"line":54,"column":8},"end":{"line":60,"column":null}},"14":{"start":{"line":55,"column":10},"end":{"line":59,"column":12}},"15":{"start":{"line":61,"column":23},"end":{"line":63,"column":10}},"16":{"start":{"line":64,"column":8},"end":{"line":69,"column":10}},"17":{"start":{"line":66,"column":73},"end":{"line":67,"column":null}},"18":{"start":{"line":67,"column":12},"end":{"line":67,"column":null}},"19":{"start":{"line":9,"column":13},"end":{"line":71,"column":null}},"20":{"start":{"line":9,"column":13},"end":{"line":9,"column":27}}},"fnMap":{"0":{"name":"(anonymous_8)","decl":{"start":{"line":10,"column":11},"end":{"line":10,"column":17}},"loc":{"start":{"line":10,"column":52},"end":{"line":18,"column":5}}},"1":{"name":"(anonymous_9)","decl":{"start":{"line":20,"column":11},"end":{"line":20,"column":17}},"loc":{"start":{"line":20,"column":62},"end":{"line":33,"column":5}}},"2":{"name":"(anonymous_10)","decl":{"start":{"line":24,"column":24},"end":{"line":24,"column":25}},"loc":{"start":{"line":24,"column":56},"end":{"line":24,"column":81}}},"3":{"name":"(anonymous_11)","decl":{"start":{"line":35,"column":12},"end":{"line":35,"column":18}},"loc":{"start":{"line":36,"column":39},"end":{"line":49,"column":7}}},"4":{"name":"(anonymous_12)","decl":{"start":{"line":51,"column":14},"end":{"line":51,"column":20}},"loc":{"start":{"line":52,"column":39},"end":{"line":70,"column":7}}},"5":{"name":"(anonymous_13)","decl":{"start":{"line":66,"column":22},"end":{"line":66,"column":29}},"loc":{"start":{"line":66,"column":73},"end":{"line":67,"column":null}}},"6":{"name":"(anonymous_14)","decl":{"start":{"line":66,"column":73},"end":{"line":66,"column":null}},"loc":{"start":{"line":66,"column":73},"end":{"line":67,"column":null}}}},"branchMap":{"0":{"loc":{"start":{"line":38,"column":8},"end":{"line":40,"column":null}},"type":"if","locations":[{"start":{"line":38,"column":8},"end":{"line":40,"column":null}},{"start":{"line":38,"column":8},"end":{"line":40,"column":null}}]},"1":{"loc":{"start":{"line":38,"column":12},"end":{"line":38,"column":31}},"type":"binary-expr","locations":[{"start":{"line":38,"column":12},"end":{"line":38,"column":31}},{"start":{"line":38,"column":35},"end":{"line":38,"column":53}}]},"2":{"loc":{"start":{"line":54,"column":8},"end":{"line":60,"column":null}},"type":"if","locations":[{"start":{"line":54,"column":8},"end":{"line":60,"column":null}},{"start":{"line":54,"column":8},"end":{"line":60,"column":null}}]},"3":{"loc":{"start":{"line":56,"column":20},"end":{"line":56,"column":34}},"type":"binary-expr","locations":[{"start":{"line":56,"column":20},"end":{"line":56,"column":34}},{"start":{"line":56,"column":38},"end":{"line":56,"column":40}}]},"4":{"loc":{"start":{"line":62,"column":11},"end":{"line":62,"column":27}},"type":"binary-expr","locations":[{"start":{"line":62,"column":11},"end":{"line":62,"column":27}},{"start":{"line":62,"column":31},"end":{"line":62,"column":50}}]}},"s":{"0":2,"1":2,"2":2,"3":2,"4":2,"5":2,"6":2,"7":2,"8":2,"9":2,"10":1,"11":1,"12":1,"13":2,"14":1,"15":1,"16":1,"17":1,"18":1,"19":2,"20":2},"f":{"0":2,"1":2,"2":2,"3":2,"4":2,"5":1,"6":1},"b":{"0":[1,1],"1":[2,2],"2":[1,1],"3":[1,1],"4":[1,0]}}
,"/Users/dhardy/Projects/npm/nestjs-lulu/lib/lulu.module.ts": {"path":"/Users/dhardy/Projects/npm/nestjs-lulu/lib/lulu.module.ts","statementMap":{"0":{"start":{"line":1,"column":0},"end":{"line":1,"column":55}},"1":{"start":{"line":4,"column":0},"end":{"line":4,"column":52}},"2":{"start":{"line":8,"column":23},"end":{"line":22,"column":null}},"3":{"start":{"line":10,"column":8},"end":{"line":13,"column":10}},"4":{"start":{"line":17,"column":8},"end":{"line":20,"column":10}},"5":{"start":{"line":8,"column":13},"end":{"line":22,"column":null}},"6":{"start":{"line":8,"column":13},"end":{"line":8,"column":23}}},"fnMap":{"0":{"name":"(anonymous_1)","decl":{"start":{"line":9,"column":11},"end":{"line":9,"column":17}},"loc":{"start":{"line":9,"column":52},"end":{"line":14,"column":5}}},"1":{"name":"(anonymous_2)","decl":{"start":{"line":16,"column":11},"end":{"line":16,"column":17}},"loc":{"start":{"line":16,"column":62},"end":{"line":21,"column":5}}}},"branchMap":{},"s":{"0":2,"1":2,"2":2,"3":2,"4":2,"5":2,"6":2},"f":{"0":2,"1":2},"b":{}}
,"/Users/dhardy/Projects/npm/nestjs-lulu/lib/common/index.ts": {"path":"/Users/dhardy/Projects/npm/nestjs-lulu/lib/common/index.ts","statementMap":{"0":{"start":{"line":1,"column":0},"end":{"line":1,"column":33}},"1":{"start":{"line":2,"column":0},"end":{"line":2,"column":33}},"2":{"start":{"line":3,"column":0},"end":{"line":3,"column":28}}},"fnMap":{},"branchMap":{},"s":{"0":2,"1":2,"2":2},"f":{},"b":{}}
,"/Users/dhardy/Projects/npm/nestjs-lulu/lib/common/lulu.constants.ts": {"path":"/Users/dhardy/Projects/npm/nestjs-lulu/lib/common/lulu.constants.ts","statementMap":{"0":{"start":{"line":1,"column":13},"end":{"line":1,"column":56}},"1":{"start":{"line":2,"column":13},"end":{"line":2,"column":38}}},"fnMap":{},"branchMap":{},"s":{"0":2,"1":2},"f":{},"b":{}}
,"/Users/dhardy/Projects/npm/nestjs-lulu/lib/common/lulu.decorator.ts": {"path":"/Users/dhardy/Projects/npm/nestjs-lulu/lib/common/lulu.decorator.ts","statementMap":{"0":{"start":{"line":1,"column":0},"end":{"line":1,"column":40}},"1":{"start":{"line":2,"column":0},"end":{"line":2,"column":46}},"2":{"start":{"line":5,"column":4},"end":{"line":5,"column":30}},"3":{"start":{"line":4,"column":0},"end":{"line":4,"column":16}}},"fnMap":{"0":{"name":"InjectLulu","decl":{"start":{"line":4,"column":16},"end":{"line":4,"column":26}},"loc":{"start":{"line":4,"column":26},"end":{"line":6,"column":1}}}},"branchMap":{},"s":{"0":2,"1":2,"2":1,"3":2},"f":{"0":1},"b":{}}
,"/Users/dhardy/Projects/npm/nestjs-lulu/lib/common/lulu.util.ts": {"path":"/Users/dhardy/Projects/npm/nestjs-lulu/lib/common/lulu.util.ts","statementMap":{"0":{"start":{"line":1,"column":0},"end":{"line":1,"column":63}},"1":{"start":{"line":4,"column":19},"end":{"line":4,"column":43}},"2":{"start":{"line":5,"column":4},"end":{"line":5,"column":18}},"3":{"start":{"line":3,"column":0},"end":{"line":3,"column":16}}},"fnMap":{"0":{"name":"createLuluClient","decl":{"start":{"line":3,"column":16},"end":{"line":3,"column":32}},"loc":{"start":{"line":3,"column":59},"end":{"line":6,"column":1}}}},"branchMap":{},"s":{"0":2,"1":4,"2":4,"3":2},"f":{"0":4},"b":{}}
,"/Users/dhardy/Projects/npm/nestjs-lulu/lib/providers/index.ts": {"path":"/Users/dhardy/Projects/npm/nestjs-lulu/lib/providers/index.ts","statementMap":{"0":{"start":{"line":1,"column":0},"end":{"line":1,"column":33}}},"fnMap":{},"branchMap":{},"s":{"0":2},"f":{},"b":{}}
,"/Users/dhardy/Projects/npm/nestjs-lulu/lib/providers/lulu.providers.ts": {"path":"/Users/dhardy/Projects/npm/nestjs-lulu/lib/providers/lulu.providers.ts","statementMap":{"0":{"start":{"line":2,"column":0},"end":{"line":2,"column":57}},"1":{"start":{"line":5,"column":4},"end":{"line":8,"column":null}},"2":{"start":{"line":4,"column":0},"end":{"line":4,"column":16}}},"fnMap":{"0":{"name":"createLuluProviders","decl":{"start":{"line":4,"column":16},"end":{"line":4,"column":35}},"loc":{"start":{"line":4,"column":62},"end":{"line":9,"column":1}}}},"branchMap":{},"s":{"0":2,"1":2,"2":2},"f":{"0":2},"b":{}}
}
