TN:
SF:lib/lulu-core.module.ts
FN:10,(anonymous_8)
FN:20,(anonymous_9)
FN:24,(anonymous_10)
FN:35,(anonymous_11)
FN:51,(anonymous_12)
FN:66,(anonymous_13)
FN:66,(anonymous_14)
FNF:7
FNH:7
FNDA:2,(anonymous_8)
FNDA:2,(anonymous_9)
FNDA:2,(anonymous_10)
FNDA:2,(anonymous_11)
FNDA:2,(anonymous_12)
FNDA:1,(anonymous_13)
FNDA:1,(anonymous_14)
DA:1,2
DA:2,2
DA:4,2
DA:9,2
DA:11,2
DA:13,2
DA:21,2
DA:24,2
DA:27,2
DA:38,2
DA:39,1
DA:41,1
DA:42,1
DA:54,2
DA:55,1
DA:61,1
DA:64,1
DA:66,1
DA:67,1
LF:19
LH:19
BRDA:38,0,0,1
BRDA:38,0,1,1
BRDA:38,1,0,2
BRDA:38,1,1,2
BRDA:54,2,0,1
BRDA:54,2,1,1
BRDA:56,3,0,1
BRDA:56,3,1,1
BRDA:62,4,0,1
BRDA:62,4,1,0
BRF:10
BRH:9
end_of_record
TN:
SF:lib/lulu.module.ts
FN:9,(anonymous_1)
FN:16,(anonymous_2)
FNF:2
FNH:2
FNDA:2,(anonymous_1)
FNDA:2,(anonymous_2)
DA:1,2
DA:4,2
DA:8,2
DA:10,2
DA:17,2
LF:5
LH:5
BRF:0
BRH:0
end_of_record
TN:
SF:lib/common/index.ts
FNF:0
FNH:0
DA:1,2
DA:2,2
DA:3,2
LF:3
LH:3
BRF:0
BRH:0
end_of_record
TN:
SF:lib/common/lulu.constants.ts
FNF:0
FNH:0
DA:1,2
DA:2,2
LF:2
LH:2
BRF:0
BRH:0
end_of_record
TN:
SF:lib/common/lulu.decorator.ts
FN:4,InjectLulu
FNF:1
FNH:1
FNDA:1,InjectLulu
DA:1,2
DA:2,2
DA:4,2
DA:5,1
LF:4
LH:4
BRF:0
BRH:0
end_of_record
TN:
SF:lib/common/lulu.util.ts
FN:3,createLuluClient
FNF:1
FNH:1
FNDA:4,createLuluClient
DA:1,2
DA:3,2
DA:4,4
DA:5,4
LF:4
LH:4
BRF:0
BRH:0
end_of_record
TN:
SF:lib/providers/index.ts
FNF:0
FNH:0
DA:1,2
LF:1
LH:1
BRF:0
BRH:0
end_of_record
TN:
SF:lib/providers/lulu.providers.ts
FN:4,createLuluProviders
FNF:1
FNH:1
FNDA:2,createLuluProviders
DA:2,2
DA:4,2
DA:5,2
LF:3
LH:3
BRF:0
BRH:0
end_of_record
